2025-01-22 12:19:27,224 INFO  [restartedMain] com.tpe.SpringBootIntroApplication:Starting SpringBootIntroApplication using Java 17.0.13 on Tayfuns-MacBook-Air.local with PID 42562 (/Users/tayfunkilinc/Library/Mobile Documents/com~apple~CloudDocs/Documentss/TechProDokumanlari/Spring/SpringBoot/SpringBootIntro/target/classes started by tayfunkilinc in /Users/tayfunkilinc/Library/Mobile Documents/com~apple~CloudDocs/Documentss/TechProDokumanlari/Spring/SpringBoot/SpringBootIntro)
2025-01-22 12:19:27,228 INFO  [restartedMain] com.tpe.SpringBootIntroApplication:No active profile set, falling back to default profiles: default
2025-01-22 12:19:27,260 INFO  [restartedMain] org.springframework.boot.devtools.env.DevToolsPropertyDefaultsPostProcessor:Devtools property defaults active! Set 'spring.devtools.add-properties' to 'false' to disable
2025-01-22 12:19:27,260 INFO  [restartedMain] org.springframework.boot.devtools.env.DevToolsPropertyDefaultsPostProcessor:For additional web related logging consider setting the 'logging.level.web' property to 'DEBUG'
2025-01-22 12:19:27,757 INFO  [restartedMain] org.springframework.data.repository.config.RepositoryConfigurationDelegate:Bootstrapping Spring Data JPA repositories in DEFAULT mode.
2025-01-22 12:19:27,795 INFO  [restartedMain] org.springframework.data.repository.config.RepositoryConfigurationDelegate:Finished Spring Data repository scanning in 31 ms. Found 1 JPA repository interfaces.
2025-01-22 12:19:28,316 INFO  [restartedMain] org.springframework.boot.web.embedded.tomcat.TomcatWebServer:Tomcat initialized with port(s): 8080 (http)
2025-01-22 12:19:28,321 INFO  [restartedMain] org.apache.catalina.core.StandardService:Starting service [Tomcat]
2025-01-22 12:19:28,322 INFO  [restartedMain] org.apache.catalina.core.StandardEngine:Starting Servlet engine: [Apache Tomcat/9.0.56]
2025-01-22 12:19:28,362 INFO  [restartedMain] org.apache.catalina.core.ContainerBase.[Tomcat].[localhost].[/]:Initializing Spring embedded WebApplicationContext
2025-01-22 12:19:28,362 INFO  [restartedMain] org.springframework.boot.web.servlet.context.ServletWebServerApplicationContext:Root WebApplicationContext: initialization completed in 1101 ms
2025-01-22 12:19:28,497 INFO  [restartedMain] org.hibernate.jpa.internal.util.LogHelper:HHH000204: Processing PersistenceUnitInfo [name: default]
2025-01-22 12:19:28,528 INFO  [restartedMain] org.hibernate.Version:HHH000412: Hibernate ORM core version 5.6.4.Final
2025-01-22 12:19:28,646 INFO  [restartedMain] org.hibernate.annotations.common.Version:HCANN000001: Hibernate Commons Annotations {5.1.2.Final}
2025-01-22 12:19:28,702 INFO  [restartedMain] com.zaxxer.hikari.HikariDataSource:HikariPool-1 - Starting...
2025-01-22 12:19:28,929 INFO  [restartedMain] com.zaxxer.hikari.HikariDataSource:HikariPool-1 - Start completed.
2025-01-22 12:19:28,937 INFO  [restartedMain] org.hibernate.dialect.Dialect:HHH000400: Using dialect: org.hibernate.dialect.PostgreSQL9Dialect
2025-01-22 12:19:29,687 INFO  [restartedMain] org.hibernate.engine.transaction.jta.platform.internal.JtaPlatformInitiator:HHH000490: Using JtaPlatform implementation: [org.hibernate.engine.transaction.jta.platform.internal.NoJtaPlatform]
2025-01-22 12:19:29,692 INFO  [restartedMain] org.springframework.orm.jpa.LocalContainerEntityManagerFactoryBean:Initialized JPA EntityManagerFactory for persistence unit 'default'
2025-01-22 12:19:30,067 WARN  [restartedMain] org.springframework.boot.autoconfigure.orm.jpa.JpaBaseConfiguration$JpaWebConfiguration:spring.jpa.open-in-view is enabled by default. Therefore, database queries may be performed during view rendering. Explicitly configure spring.jpa.open-in-view to disable this warning
2025-01-22 12:19:30,344 INFO  [restartedMain] org.springframework.boot.autoconfigure.security.servlet.UserDetailsServiceAutoConfiguration:

Using generated security password: 782d7f34-efb0-4cc3-ae06-924211e4905d

2025-01-22 12:19:30,429 INFO  [restartedMain] org.springframework.boot.actuate.endpoint.web.EndpointLinksResolver:Exposing 6 endpoint(s) beneath base path '/actuator'
2025-01-22 12:19:30,443 INFO  [restartedMain] org.springframework.security.web.DefaultSecurityFilterChain:Will secure any request with [org.springframework.security.web.context.request.async.WebAsyncManagerIntegrationFilter@3c19ca56, org.springframework.security.web.context.SecurityContextPersistenceFilter@4e9fd55c, org.springframework.security.web.header.HeaderWriterFilter@7469fe3d, org.springframework.web.filter.CorsFilter@1ebf9292, org.springframework.security.web.csrf.CsrfFilter@7b74e037, org.springframework.security.web.authentication.logout.LogoutFilter@7956e24a, org.springframework.security.web.authentication.UsernamePasswordAuthenticationFilter@73df1f37, org.springframework.security.web.authentication.ui.DefaultLoginPageGeneratingFilter@47f6b2a0, org.springframework.security.web.authentication.ui.DefaultLogoutPageGeneratingFilter@2a08ddce, org.springframework.security.web.authentication.www.BasicAuthenticationFilter@7f797f54, org.springframework.security.web.savedrequest.RequestCacheAwareFilter@414d038b, org.springframework.security.web.servletapi.SecurityContextHolderAwareRequestFilter@5648ccb7, org.springframework.security.web.authentication.AnonymousAuthenticationFilter@5b72c689, org.springframework.security.web.session.SessionManagementFilter@17085e05, org.springframework.security.web.access.ExceptionTranslationFilter@270cc280, org.springframework.security.web.access.intercept.FilterSecurityInterceptor@337b2ab9]
2025-01-22 12:19:30,482 INFO  [restartedMain] org.springframework.boot.devtools.autoconfigure.OptionalLiveReloadServer:LiveReload server is running on port 35729
2025-01-22 12:19:30,509 INFO  [restartedMain] org.springframework.boot.web.embedded.tomcat.TomcatWebServer:Tomcat started on port(s): 8080 (http) with context path ''
2025-01-22 12:19:30,519 INFO  [restartedMain] com.tpe.SpringBootIntroApplication:Started SpringBootIntroApplication in 3.626 seconds (JVM running for 4.132)
2025-01-22 12:19:38,665 INFO  [http-nio-8080-exec-1] org.apache.catalina.core.ContainerBase.[Tomcat].[localhost].[/]:Initializing Spring DispatcherServlet 'dispatcherServlet'
2025-01-22 12:22:01,373 INFO  [SpringApplicationShutdownHook] org.springframework.orm.jpa.LocalContainerEntityManagerFactoryBean:Closing JPA EntityManagerFactory for persistence unit 'default'
2025-01-22 12:22:01,402 INFO  [SpringApplicationShutdownHook] com.zaxxer.hikari.HikariDataSource:HikariPool-1 - Shutdown initiated...
2025-01-22 12:22:01,419 INFO  [SpringApplicationShutdownHook] com.zaxxer.hikari.HikariDataSource:HikariPool-1 - Shutdown completed.
2025-01-22 12:22:03,721 INFO  [restartedMain] com.tpe.SpringBootIntroApplication:Starting SpringBootIntroApplication using Java 17.0.13 on Tayfuns-MacBook-Air.local with PID 42672 (/Users/tayfunkilinc/Library/Mobile Documents/com~apple~CloudDocs/Documentss/TechProDokumanlari/Spring/SpringBoot/SpringBootIntro/target/classes started by tayfunkilinc in /Users/tayfunkilinc/Library/Mobile Documents/com~apple~CloudDocs/Documentss/TechProDokumanlari/Spring/SpringBoot/SpringBootIntro)
2025-01-22 12:22:03,722 INFO  [restartedMain] com.tpe.SpringBootIntroApplication:No active profile set, falling back to default profiles: default
2025-01-22 12:22:03,757 INFO  [restartedMain] org.springframework.boot.devtools.env.DevToolsPropertyDefaultsPostProcessor:Devtools property defaults active! Set 'spring.devtools.add-properties' to 'false' to disable
2025-01-22 12:22:03,758 INFO  [restartedMain] org.springframework.boot.devtools.env.DevToolsPropertyDefaultsPostProcessor:For additional web related logging consider setting the 'logging.level.web' property to 'DEBUG'
2025-01-22 12:22:04,283 INFO  [restartedMain] org.springframework.data.repository.config.RepositoryConfigurationDelegate:Bootstrapping Spring Data JPA repositories in DEFAULT mode.
2025-01-22 12:22:04,304 INFO  [restartedMain] org.springframework.data.repository.config.RepositoryConfigurationDelegate:Finished Spring Data repository scanning in 16 ms. Found 1 JPA repository interfaces.
2025-01-22 12:22:04,628 INFO  [restartedMain] org.springframework.boot.web.embedded.tomcat.TomcatWebServer:Tomcat initialized with port(s): 8080 (http)
2025-01-22 12:22:04,634 INFO  [restartedMain] org.apache.catalina.core.StandardService:Starting service [Tomcat]
2025-01-22 12:22:04,634 INFO  [restartedMain] org.apache.catalina.core.StandardEngine:Starting Servlet engine: [Apache Tomcat/9.0.56]
2025-01-22 12:22:04,664 INFO  [restartedMain] org.apache.catalina.core.ContainerBase.[Tomcat].[localhost].[/]:Initializing Spring embedded WebApplicationContext
2025-01-22 12:22:04,664 INFO  [restartedMain] org.springframework.boot.web.servlet.context.ServletWebServerApplicationContext:Root WebApplicationContext: initialization completed in 905 ms
2025-01-22 12:22:04,809 INFO  [restartedMain] org.hibernate.jpa.internal.util.LogHelper:HHH000204: Processing PersistenceUnitInfo [name: default]
2025-01-22 12:22:04,841 INFO  [restartedMain] org.hibernate.Version:HHH000412: Hibernate ORM core version 5.6.4.Final
2025-01-22 12:22:04,944 INFO  [restartedMain] org.hibernate.annotations.common.Version:HCANN000001: Hibernate Commons Annotations {5.1.2.Final}
2025-01-22 12:22:04,984 INFO  [restartedMain] com.zaxxer.hikari.HikariDataSource:HikariPool-1 - Starting...
2025-01-22 12:22:05,237 INFO  [restartedMain] com.zaxxer.hikari.HikariDataSource:HikariPool-1 - Start completed.
2025-01-22 12:22:05,247 INFO  [restartedMain] org.hibernate.dialect.Dialect:HHH000400: Using dialect: org.hibernate.dialect.PostgreSQL9Dialect
2025-01-22 12:22:05,653 INFO  [restartedMain] org.hibernate.engine.transaction.jta.platform.internal.JtaPlatformInitiator:HHH000490: Using JtaPlatform implementation: [org.hibernate.engine.transaction.jta.platform.internal.NoJtaPlatform]
2025-01-22 12:22:05,656 INFO  [restartedMain] org.springframework.orm.jpa.LocalContainerEntityManagerFactoryBean:Initialized JPA EntityManagerFactory for persistence unit 'default'
2025-01-22 12:22:05,948 WARN  [restartedMain] org.springframework.boot.autoconfigure.orm.jpa.JpaBaseConfiguration$JpaWebConfiguration:spring.jpa.open-in-view is enabled by default. Therefore, database queries may be performed during view rendering. Explicitly configure spring.jpa.open-in-view to disable this warning
2025-01-22 12:22:06,138 INFO  [restartedMain] org.springframework.boot.autoconfigure.security.servlet.UserDetailsServiceAutoConfiguration:

Using generated security password: 7cdeee5a-d208-4826-8135-1334d2348fa7

2025-01-22 12:22:06,221 INFO  [restartedMain] org.springframework.boot.actuate.endpoint.web.EndpointLinksResolver:Exposing 6 endpoint(s) beneath base path '/actuator'
2025-01-22 12:22:06,237 INFO  [restartedMain] org.springframework.security.web.DefaultSecurityFilterChain:Will secure any request with [org.springframework.security.web.context.request.async.WebAsyncManagerIntegrationFilter@2048f503, org.springframework.security.web.context.SecurityContextPersistenceFilter@2dc52455, org.springframework.security.web.header.HeaderWriterFilter@77c7cf79, org.springframework.web.filter.CorsFilter@fc0b417, org.springframework.security.web.csrf.CsrfFilter@4bbea478, org.springframework.security.web.authentication.logout.LogoutFilter@b9d1c5e, org.springframework.security.web.authentication.UsernamePasswordAuthenticationFilter@16b59a4c, org.springframework.security.web.authentication.ui.DefaultLoginPageGeneratingFilter@ce845fe, org.springframework.security.web.authentication.ui.DefaultLogoutPageGeneratingFilter@d1f579f, org.springframework.security.web.authentication.www.BasicAuthenticationFilter@38e7474f, org.springframework.security.web.savedrequest.RequestCacheAwareFilter@1234ec77, org.springframework.security.web.servletapi.SecurityContextHolderAwareRequestFilter@7279b867, org.springframework.security.web.authentication.AnonymousAuthenticationFilter@2a618fe0, org.springframework.security.web.session.SessionManagementFilter@71d6b2d8, org.springframework.security.web.access.ExceptionTranslationFilter@5c08cac5, org.springframework.security.web.access.intercept.FilterSecurityInterceptor@53493b0]
2025-01-22 12:22:06,268 INFO  [restartedMain] org.springframework.boot.devtools.autoconfigure.OptionalLiveReloadServer:LiveReload server is running on port 35729
2025-01-22 12:22:06,293 INFO  [restartedMain] org.springframework.boot.web.embedded.tomcat.TomcatWebServer:Tomcat started on port(s): 8080 (http) with context path ''
2025-01-22 12:22:06,302 INFO  [restartedMain] com.tpe.SpringBootIntroApplication:Started SpringBootIntroApplication in 2.902 seconds (JVM running for 3.325)
2025-01-22 12:22:10,531 INFO  [http-nio-8080-exec-1] org.apache.catalina.core.ContainerBase.[Tomcat].[localhost].[/]:Initializing Spring DispatcherServlet 'dispatcherServlet'
2025-01-22 12:23:41,605 INFO  [SpringApplicationShutdownHook] org.springframework.orm.jpa.LocalContainerEntityManagerFactoryBean:Closing JPA EntityManagerFactory for persistence unit 'default'
2025-01-22 12:23:41,631 INFO  [SpringApplicationShutdownHook] com.zaxxer.hikari.HikariDataSource:HikariPool-1 - Shutdown initiated...
2025-01-22 12:23:41,638 INFO  [SpringApplicationShutdownHook] com.zaxxer.hikari.HikariDataSource:HikariPool-1 - Shutdown completed.
2025-01-22 12:23:43,866 INFO  [restartedMain] com.tpe.SpringBootIntroApplication:Starting SpringBootIntroApplication using Java 17.0.13 on Tayfuns-MacBook-Air.local with PID 42866 (/Users/tayfunkilinc/Library/Mobile Documents/com~apple~CloudDocs/Documentss/TechProDokumanlari/Spring/SpringBoot/SpringBootIntro/target/classes started by tayfunkilinc in /Users/tayfunkilinc/Library/Mobile Documents/com~apple~CloudDocs/Documentss/TechProDokumanlari/Spring/SpringBoot/SpringBootIntro)
2025-01-22 12:23:43,867 INFO  [restartedMain] com.tpe.SpringBootIntroApplication:No active profile set, falling back to default profiles: default
2025-01-22 12:23:43,898 INFO  [restartedMain] org.springframework.boot.devtools.env.DevToolsPropertyDefaultsPostProcessor:Devtools property defaults active! Set 'spring.devtools.add-properties' to 'false' to disable
2025-01-22 12:23:43,898 INFO  [restartedMain] org.springframework.boot.devtools.env.DevToolsPropertyDefaultsPostProcessor:For additional web related logging consider setting the 'logging.level.web' property to 'DEBUG'
2025-01-22 12:23:44,477 INFO  [restartedMain] org.springframework.data.repository.config.RepositoryConfigurationDelegate:Bootstrapping Spring Data JPA repositories in DEFAULT mode.
2025-01-22 12:23:44,503 INFO  [restartedMain] org.springframework.data.repository.config.RepositoryConfigurationDelegate:Finished Spring Data repository scanning in 20 ms. Found 1 JPA repository interfaces.
2025-01-22 12:23:44,860 INFO  [restartedMain] org.springframework.boot.web.embedded.tomcat.TomcatWebServer:Tomcat initialized with port(s): 8080 (http)
2025-01-22 12:23:44,867 INFO  [restartedMain] org.apache.catalina.core.StandardService:Starting service [Tomcat]
2025-01-22 12:23:44,867 INFO  [restartedMain] org.apache.catalina.core.StandardEngine:Starting Servlet engine: [Apache Tomcat/9.0.56]
2025-01-22 12:23:44,904 INFO  [restartedMain] org.apache.catalina.core.ContainerBase.[Tomcat].[localhost].[/]:Initializing Spring embedded WebApplicationContext
2025-01-22 12:23:44,904 INFO  [restartedMain] org.springframework.boot.web.servlet.context.ServletWebServerApplicationContext:Root WebApplicationContext: initialization completed in 1005 ms
2025-01-22 12:23:45,066 INFO  [restartedMain] org.hibernate.jpa.internal.util.LogHelper:HHH000204: Processing PersistenceUnitInfo [name: default]
2025-01-22 12:23:45,106 INFO  [restartedMain] org.hibernate.Version:HHH000412: Hibernate ORM core version 5.6.4.Final
2025-01-22 12:23:45,242 INFO  [restartedMain] org.hibernate.annotations.common.Version:HCANN000001: Hibernate Commons Annotations {5.1.2.Final}
2025-01-22 12:23:45,288 INFO  [restartedMain] com.zaxxer.hikari.HikariDataSource:HikariPool-1 - Starting...
2025-01-22 12:23:45,452 INFO  [restartedMain] com.zaxxer.hikari.HikariDataSource:HikariPool-1 - Start completed.
2025-01-22 12:23:45,459 INFO  [restartedMain] org.hibernate.dialect.Dialect:HHH000400: Using dialect: org.hibernate.dialect.PostgreSQL9Dialect
2025-01-22 12:23:45,886 INFO  [restartedMain] org.hibernate.engine.transaction.jta.platform.internal.JtaPlatformInitiator:HHH000490: Using JtaPlatform implementation: [org.hibernate.engine.transaction.jta.platform.internal.NoJtaPlatform]
2025-01-22 12:23:45,889 INFO  [restartedMain] org.springframework.orm.jpa.LocalContainerEntityManagerFactoryBean:Initialized JPA EntityManagerFactory for persistence unit 'default'
2025-01-22 12:23:46,143 WARN  [restartedMain] org.springframework.boot.autoconfigure.orm.jpa.JpaBaseConfiguration$JpaWebConfiguration:spring.jpa.open-in-view is enabled by default. Therefore, database queries may be performed during view rendering. Explicitly configure spring.jpa.open-in-view to disable this warning
2025-01-22 12:23:46,326 INFO  [restartedMain] org.springframework.boot.autoconfigure.security.servlet.UserDetailsServiceAutoConfiguration:

Using generated security password: 3773cd62-4dfd-4f7b-b26a-0314eb61815e

2025-01-22 12:23:46,410 INFO  [restartedMain] org.springframework.boot.actuate.endpoint.web.EndpointLinksResolver:Exposing 6 endpoint(s) beneath base path '/actuator'
2025-01-22 12:23:46,420 INFO  [restartedMain] org.springframework.security.web.DefaultSecurityFilterChain:Will secure any request with [org.springframework.security.web.context.request.async.WebAsyncManagerIntegrationFilter@70b33603, org.springframework.security.web.context.SecurityContextPersistenceFilter@542c20d6, org.springframework.security.web.header.HeaderWriterFilter@41fa800a, org.springframework.web.filter.CorsFilter@501f10d, org.springframework.security.web.csrf.CsrfFilter@3ce9d3f2, org.springframework.security.web.authentication.logout.LogoutFilter@48874470, org.springframework.security.web.authentication.UsernamePasswordAuthenticationFilter@214c7bea, org.springframework.security.web.authentication.ui.DefaultLoginPageGeneratingFilter@5330d23d, org.springframework.security.web.authentication.ui.DefaultLogoutPageGeneratingFilter@299e3506, org.springframework.security.web.authentication.www.BasicAuthenticationFilter@6489175c, org.springframework.security.web.savedrequest.RequestCacheAwareFilter@3f24d446, org.springframework.security.web.servletapi.SecurityContextHolderAwareRequestFilter@66afa334, org.springframework.security.web.authentication.AnonymousAuthenticationFilter@3fea127a, org.springframework.security.web.session.SessionManagementFilter@62ea46b2, org.springframework.security.web.access.ExceptionTranslationFilter@1e9eaeab, org.springframework.security.web.access.intercept.FilterSecurityInterceptor@39d6b9c7]
2025-01-22 12:23:46,449 INFO  [restartedMain] org.springframework.boot.devtools.autoconfigure.OptionalLiveReloadServer:LiveReload server is running on port 35729
2025-01-22 12:23:46,468 INFO  [restartedMain] org.springframework.boot.web.embedded.tomcat.TomcatWebServer:Tomcat started on port(s): 8080 (http) with context path ''
2025-01-22 12:23:46,477 INFO  [restartedMain] com.tpe.SpringBootIntroApplication:Started SpringBootIntroApplication in 2.975 seconds (JVM running for 3.464)
2025-01-22 12:23:52,784 INFO  [http-nio-8080-exec-1] org.apache.catalina.core.ContainerBase.[Tomcat].[localhost].[/]:Initializing Spring DispatcherServlet 'dispatcherServlet'
2025-01-22 12:24:22,209 INFO  [SpringApplicationShutdownHook] org.springframework.orm.jpa.LocalContainerEntityManagerFactoryBean:Closing JPA EntityManagerFactory for persistence unit 'default'
2025-01-22 12:24:22,227 INFO  [SpringApplicationShutdownHook] com.zaxxer.hikari.HikariDataSource:HikariPool-1 - Shutdown initiated...
2025-01-22 12:24:22,236 INFO  [SpringApplicationShutdownHook] com.zaxxer.hikari.HikariDataSource:HikariPool-1 - Shutdown completed.
